mode: set
github.com/emilybache/gildedrose-refactoring-kata/texttest_fixture.go:11.13,28.22 5 0
github.com/emilybache/gildedrose-refactoring-kata/texttest_fixture.go:28.22,30.17 2 0
github.com/emilybache/gildedrose-refactoring-kata/texttest_fixture.go:30.17,33.4 2 0
github.com/emilybache/gildedrose-refactoring-kata/texttest_fixture.go:34.3,34.9 1 0
github.com/emilybache/gildedrose-refactoring-kata/texttest_fixture.go:37.2,37.34 1 0
github.com/emilybache/gildedrose-refactoring-kata/texttest_fixture.go:37.34,40.35 3 0
github.com/emilybache/gildedrose-refactoring-kata/texttest_fixture.go:40.35,42.4 1 0
github.com/emilybache/gildedrose-refactoring-kata/texttest_fixture.go:43.3,44.34 2 0
github.com/emilybache/gildedrose-refactoring-kata/gildedrose/gildedrose.go:8.35,9.34 1 1
github.com/emilybache/gildedrose-refactoring-kata/gildedrose/gildedrose.go:9.34,11.99 1 1
github.com/emilybache/gildedrose-refactoring-kata/gildedrose/gildedrose.go:11.99,12.28 1 1
github.com/emilybache/gildedrose-refactoring-kata/gildedrose/gildedrose.go:12.28,13.54 1 0
github.com/emilybache/gildedrose-refactoring-kata/gildedrose/gildedrose.go:13.54,15.6 1 0
github.com/emilybache/gildedrose-refactoring-kata/gildedrose/gildedrose.go:17.9,18.29 1 0
github.com/emilybache/gildedrose-refactoring-kata/gildedrose/gildedrose.go:18.29,20.69 2 0
github.com/emilybache/gildedrose-refactoring-kata/gildedrose/gildedrose.go:20.69,21.30 1 0
github.com/emilybache/gildedrose-refactoring-kata/gildedrose/gildedrose.go:21.30,22.32 1 0
github.com/emilybache/gildedrose-refactoring-kata/gildedrose/gildedrose.go:22.32,24.8 1 0
github.com/emilybache/gildedrose-refactoring-kata/gildedrose/gildedrose.go:26.6,26.29 1 0
github.com/emilybache/gildedrose-refactoring-kata/gildedrose/gildedrose.go:26.29,27.32 1 0
github.com/emilybache/gildedrose-refactoring-kata/gildedrose/gildedrose.go:27.32,29.8 1 0
github.com/emilybache/gildedrose-refactoring-kata/gildedrose/gildedrose.go:35.3,35.52 1 1
github.com/emilybache/gildedrose-refactoring-kata/gildedrose/gildedrose.go:35.52,37.4 1 1
github.com/emilybache/gildedrose-refactoring-kata/gildedrose/gildedrose.go:39.3,39.26 1 1
github.com/emilybache/gildedrose-refactoring-kata/gildedrose/gildedrose.go:39.26,40.36 1 1
github.com/emilybache/gildedrose-refactoring-kata/gildedrose/gildedrose.go:40.36,41.69 1 1
github.com/emilybache/gildedrose-refactoring-kata/gildedrose/gildedrose.go:41.69,42.30 1 1
github.com/emilybache/gildedrose-refactoring-kata/gildedrose/gildedrose.go:42.30,43.56 1 0
github.com/emilybache/gildedrose-refactoring-kata/gildedrose/gildedrose.go:43.56,45.8 1 0
github.com/emilybache/gildedrose-refactoring-kata/gildedrose/gildedrose.go:47.11,49.6 1 0
github.com/emilybache/gildedrose-refactoring-kata/gildedrose/gildedrose.go:50.10,51.30 1 0
github.com/emilybache/gildedrose-refactoring-kata/gildedrose/gildedrose.go:51.30,53.6 1 0
